08/22/2022 09:42:07 PM: MainThread >> Work with "dir" folder...
08/22/2022 09:42:07 PM: MainThread >> ...replacing photo_1532603255286_cbff320e586e.jpeg
08/22/2022 09:42:07 PM: MainThread >> ...replacing photo_1637263972873_d358c3eb4543.jpeg
08/22/2022 09:42:07 PM: MainThread >> ...replacing photo_1532603255286_cbff320e586e.jpeg
08/22/2022 09:42:07 PM: MainThread >> ...replacing trendy-platev-44.jpg
08/22/2022 09:42:07 PM: MainThread >> ...replacing trendy-platev-50.jpg
08/22/2022 09:42:07 PM: MainThread >> ...replacing trendy-platev-52.jpg
08/22/2022 09:42:07 PM: MainThread >> ...replacing photo-1618681850501-6e1aae4f916f.jpeg
08/22/2022 09:42:07 PM: MainThread >> ...replacing zakup_04_12_2019_02.jpg
08/22/2022 09:42:07 PM: MainThread >> ...replacing photo-1637263972873-d358c3eb4543.jpeg
08/22/2022 09:42:07 PM: MainThread >> ...replacing ._photo-1532603255286-cbff320e586e.jpeg
08/22/2022 09:42:07 PM: MainThread >> ...replacing ._trendy-platev-52.jpg
08/22/2022 09:42:07 PM: MainThread >> ...replacing ._zakup_04_12_2019_02.jpg
08/22/2022 09:42:07 PM: MainThread >> ...replacing ._trendy-platev-44.jpg
08/22/2022 09:42:07 PM: MainThread >> ...replacing ._trendy-platev-50.jpg
08/22/2022 09:42:07 PM: MainThread >> ...replacing ._photo-1637263972873-d358c3eb4543.jpeg
08/22/2022 09:42:07 PM: MainThread >> ...replacing ._photo-1618681850501-6e1aae4f916f.jpeg
08/22/2022 09:42:07 PM: MainThread >> ...replacing photo-1532603255286-cbff320e586e.jpeg
08/22/2022 09:42:07 PM: MainThread >> ...replacing photo_1637263972873_d358c3eb4543.jpeg
08/22/2022 09:42:07 PM: MainThread >> ...replacing zakup_04_12_2019_02.jpg
08/22/2022 09:42:07 PM: MainThread >> ...replacing photo_1618681850501_6e1aae4f916f.jpeg
08/22/2022 09:42:07 PM: MainThread >> ...replacing trendy_platev_44.jpg
08/22/2022 09:42:07 PM: MainThread >> ...replacing trendy_platev_50.jpg
08/22/2022 09:42:07 PM: MainThread >> ...replacing trendy_platev_52.jpg
08/22/2022 09:42:07 PM: MainThread >> ...replacing zakup_04_12_2019_02.jpg
08/22/2022 09:42:07 PM: MainThread >> ...replacing photo_1618681850501_6e1aae4f916f.jpeg
08/22/2022 09:42:07 PM: MainThread >> ...replacing trendy_platev_44.jpg
08/22/2022 09:42:07 PM: MainThread >> ...replacing trendy_platev_50.jpg
08/22/2022 09:42:07 PM: MainThread >> ...replacing trendy_platev_52.jpg
08/22/2022 09:42:07 PM: MainThread >> ...replacing photo_1532603255286_cbff320e586e.jpeg
08/22/2022 09:42:07 PM: MainThread >> ...replacing photo_1637263972873_d358c3eb4543.jpeg
08/22/2022 09:42:07 PM: MainThread >> ...replacing zakup_04_12_2019_02.jpg
08/22/2022 09:42:07 PM: MainThread >> ...replacing photo_1618681850501_6e1aae4f916f.jpeg
08/22/2022 09:42:07 PM: MainThread >> ...replacing trendy_platev_44.jpg
08/22/2022 09:42:07 PM: MainThread >> ...replacing trendy_platev_50.jpg
08/22/2022 09:42:07 PM: MainThread >> ...replacing trendy_platev_52.jpg
08/22/2022 09:42:07 PM: MainThread >> ...replacing photo_1532603255286_cbff320e586e.jpeg
08/22/2022 09:42:07 PM: MainThread >> ...replacing photo_1637263972873_d358c3eb4543.jpeg
08/22/2022 09:42:07 PM: MainThread >> ...replacing zakup_04_12_2019_02.jpg
08/22/2022 09:42:07 PM: MainThread >> ...replacing photo_1618681850501_6e1aae4f916f.jpeg
08/22/2022 09:42:07 PM: MainThread >> ...replacing trendy_platev_44.jpg
08/22/2022 09:42:07 PM: MainThread >> ...replacing trendy_platev_50.jpg
08/22/2022 09:42:07 PM: MainThread >> ...replacing trendy_platev_52.jpg
08/22/2022 09:42:07 PM: MainThread >> ...replacing photo_1532603255286_cbff320e586e.jpeg
08/22/2022 09:42:07 PM: MainThread >> ...replacing photo_1637263972873_d358c3eb4543.jpeg
08/22/2022 09:42:07 PM: MainThread >> ...replacing zakup_04_12_2019_02.jpg
08/22/2022 09:42:07 PM: MainThread >> ...replacing photo_1618681850501_6e1aae4f916f.jpeg
08/22/2022 09:42:07 PM: MainThread >> ...replacing trendy_platev_44.jpg
08/22/2022 09:42:07 PM: MainThread >> ...replacing trendy_platev_50.jpg
08/22/2022 09:42:07 PM: MainThread >> ...replacing trendy_platev_52.jpg
08/22/2022 09:42:07 PM: MainThread >> ...replacing photo_1532603255286_cbff320e586e.jpeg
08/22/2022 09:42:07 PM: MainThread >> ...replacing photo_1637263972873_d358c3eb4543.jpeg
08/22/2022 09:42:07 PM: MainThread >> ...replacing zakup_04_12_2019_02.jpg
08/22/2022 09:42:07 PM: MainThread >> ...replacing photo_1618681850501_6e1aae4f916f.jpeg
08/22/2022 09:42:07 PM: MainThread >> ...replacing trendy_platev_44.jpg
08/22/2022 09:42:07 PM: MainThread >> ...replacing trendy_platev_50.jpg
08/22/2022 09:42:07 PM: MainThread >> ...replacing trendy_platev_52.jpg
08/22/2022 09:42:07 PM: MainThread >> ...replacing Test task1_video.mp4
08/22/2022 09:42:07 PM: MainThread >> ...replacing ._Test task1_video.mp4
08/22/2022 09:42:07 PM: MainThread >> ...replacing ._video_2022-02-28_13-53-26.mp4
08/22/2022 09:42:07 PM: MainThread >> ...replacing video_2022-02-28_13-53-26.mp4
08/22/2022 09:42:07 PM: MainThread >> ...replacing video_2022_02_28_13_53_26.mp4
08/22/2022 09:42:07 PM: MainThread >> ...replacing Test_task1_video.mp4
08/22/2022 09:42:07 PM: MainThread >> ...replacing video_2022_02_28_13_53_26.mp4
08/22/2022 09:42:07 PM: MainThread >> ...replacing Test_task1_video.mp4
08/22/2022 09:42:07 PM: MainThread >> ...replacing video_2022_02_28_13_53_26.mp4
08/22/2022 09:42:07 PM: MainThread >> ...replacing Test_task1_video.mp4
08/22/2022 09:42:07 PM: MainThread >> ...replacing video_2022_02_28_13_53_26.mp4
08/22/2022 09:42:07 PM: MainThread >> ...replacing Test_task1_video.mp4
08/22/2022 09:42:07 PM: MainThread >> ...replacing video_2022_02_28_13_53_26.mp4
08/22/2022 09:42:07 PM: MainThread >> ...replacing Test_task1_video.mp4
08/22/2022 09:42:07 PM: MainThread >> ...replacing video_2022_02_28_13_53_26.mp4
08/22/2022 09:42:07 PM: MainThread >> ...replacing Test_task1_video.mp4
08/22/2022 09:42:07 PM: MainThread >> ...replacing 36and6_detective_text_small.pdf
08/22/2022 09:42:07 PM: MainThread >> ...replacing Vitrati_2021.xlsx
08/22/2022 09:42:07 PM: MainThread >> ...replacing 36and6_detective_text_small.pdf
08/22/2022 09:42:07 PM: MainThread >> ...replacing 36and6_detective_text_small.pdf
08/22/2022 09:42:07 PM: MainThread >> ...replacing 2021-07-17_nataliya_pysanka.pdf
08/22/2022 09:42:07 PM: MainThread >> ...replacing ╨Æ╨╕╤é╤Ç╨░╤é╨╕ 2021.xlsx
08/22/2022 09:42:07 PM: MainThread >> ...replacing ._╨Æ╨╕╤é╤Ç╨░╤é╨╕ 2021.xlsx
08/22/2022 09:42:07 PM: MainThread >> ...replacing ._36and6_detective_text_small.pdf
08/22/2022 09:42:07 PM: MainThread >> ...replacing ._2021-07-17_nataliya_pysanka.pdf
08/22/2022 09:42:07 PM: MainThread >> ...replacing Vitrati_2021.xlsx
08/22/2022 09:42:07 PM: MainThread >> ...replacing 2021_07_17_nataliya_pysanka.pdf
08/22/2022 09:42:07 PM: MainThread >> ...replacing 2021_07_17_nataliya_pysanka.pdf
08/22/2022 09:42:07 PM: MainThread >> ...replacing 36and6_detective_text_small.pdf
08/22/2022 09:42:07 PM: MainThread >> ...replacing Vitrati_2021.xlsx
08/22/2022 09:42:07 PM: MainThread >> ...replacing 2021_07_17_nataliya_pysanka.pdf
08/22/2022 09:42:07 PM: MainThread >> ...replacing 36and6_detective_text_small.pdf
08/22/2022 09:42:07 PM: MainThread >> ...replacing Vitrati_2021.xlsx
08/22/2022 09:42:07 PM: MainThread >> ...replacing 2021_07_17_nataliya_pysanka.pdf
08/22/2022 09:42:07 PM: MainThread >> ...replacing 36and6_detective_text_small.pdf
08/22/2022 09:42:07 PM: MainThread >> ...replacing Vitrati_2021.xlsx
08/22/2022 09:42:07 PM: MainThread >> ...replacing 2021_07_17_nataliya_pysanka.pdf
08/22/2022 09:42:07 PM: MainThread >> ...replacing 36and6_detective_text_small.pdf
08/22/2022 09:42:07 PM: MainThread >> ...replacing Vitrati_2021.xlsx
08/22/2022 09:42:07 PM: MainThread >> ...replacing 2021_07_17_nataliya_pysanka.pdf
08/22/2022 09:42:07 PM: MainThread >> ...replacing weather.xls
08/22/2022 09:42:07 PM: MainThread >> ...replacing credentials_2.json
08/22/2022 09:42:07 PM: MainThread >> ...replacing search_results_2.xls
08/22/2022 09:42:07 PM: MainThread >> ...replacing search_results_3.xls
08/22/2022 09:42:07 PM: MainThread >> ...replacing search_results_4.xls
08/22/2022 09:42:07 PM: MainThread >> ...replacing search_results.xls
08/22/2022 09:42:07 PM: MainThread >> ...replacing 33345_01_01_2014_31_12_2015_1_0_0_ua_utf8_00000000.xls
08/22/2022 09:42:07 PM: MainThread >> ...replacing weather.xls
08/22/2022 09:42:07 PM: MainThread >> ...replacing weather.xls
08/22/2022 09:42:07 PM: MainThread >> ...replacing search_results-3.xls
08/22/2022 09:42:07 PM: MainThread >> ...replacing search_results-2.xls
08/22/2022 09:42:07 PM: MainThread >> ...replacing Γäû 2633 ╨╛╤é 16 ╨┤╨╡╨║╨░╨▒╤Ç╤Å 2021 ╨│._1639651592.xls
08/22/2022 09:42:07 PM: MainThread >> ...replacing search_results-4.xls
08/22/2022 09:42:07 PM: MainThread >> ...replacing search_results.xls
08/22/2022 09:42:07 PM: MainThread >> ...replacing 33345.01.01.2014.31.12.2015.1.0.0.ua.utf8.00000000.xls
08/22/2022 09:42:07 PM: MainThread >> ...replacing ._weather_kyiv.xls
08/22/2022 09:42:07 PM: MainThread >> ...replacing ._33345.01.01.2014.31.12.2015.1.0.0.ua.utf8.00000000.xls
08/22/2022 09:42:07 PM: MainThread >> ...replacing ._credentials-2.json
08/22/2022 09:42:07 PM: MainThread >> ...replacing ._search_results-4.xls
08/22/2022 09:42:07 PM: MainThread >> ...replacing ._Γäû 2633 ╨╛╤é 16 ╨┤╨╡╨║╨░╨▒╤Ç╤Å 2021 ╨│._1639651592.xls
08/22/2022 09:42:07 PM: MainThread >> ...replacing ._credentials.json
08/22/2022 09:42:07 PM: MainThread >> ...replacing ._search_results-2.xls
08/22/2022 09:42:07 PM: MainThread >> ...replacing ._search_results-3.xls
08/22/2022 09:42:08 PM: MainThread >> ...replacing ._search_results.xls
08/22/2022 09:42:08 PM: MainThread >> ...replacing ._weather.xls
08/22/2022 09:42:08 PM: MainThread >> ...replacing ._RBRTEd.xls
08/22/2022 09:42:08 PM: MainThread >> ...replacing credentials-2.json
08/22/2022 09:42:08 PM: MainThread >> ...replacing credentials.json
08/22/2022 09:42:08 PM: MainThread >> ...replacing RBRTEd.xls
08/22/2022 09:42:08 PM: MainThread >> ...replacing weather_kyiv.xls
08/22/2022 09:42:08 PM: MainThread >> ...replacing credentials_2.json
08/22/2022 09:42:08 PM: MainThread >> ...replacing search_results_2.xls
08/22/2022 09:42:08 PM: MainThread >> ...replacing search_results_3.xls
08/22/2022 09:42:08 PM: MainThread >> ...replacing search_results_4.xls
08/22/2022 09:42:08 PM: MainThread >> ...replacing search_results.xls
08/22/2022 09:42:08 PM: MainThread >> ...replacing 33345_01_01_2014_31_12_2015_1_0_0_ua_utf8_00000000.xls
08/22/2022 09:42:08 PM: MainThread >> ...replacing __2633_ot_16_dekabrja_2021_g_.xls
08/22/2022 09:42:08 PM: MainThread >> ...replacing credentials.json
08/22/2022 09:42:08 PM: MainThread >> ...replacing RBRTEd.xls
08/22/2022 09:42:08 PM: MainThread >> ...replacing __2633_ot_16_dekabrja_2021_g__1639651592.xls
08/22/2022 09:42:08 PM: MainThread >> ...replacing weather_kyiv.xls
08/22/2022 09:42:08 PM: MainThread >> ...replacing __2633_ot_16_dekabrja_2021_g_.xls
08/22/2022 09:42:08 PM: MainThread >> ...replacing credentials.json
08/22/2022 09:42:08 PM: MainThread >> ...replacing RBRTEd.xls
08/22/2022 09:42:08 PM: MainThread >> ...replacing __2633_ot_16_dekabrja_2021_g__1639651592.xls
08/22/2022 09:42:08 PM: MainThread >> ...replacing weather.xls
08/22/2022 09:42:08 PM: MainThread >> ...replacing credentials_2.json
08/22/2022 09:42:08 PM: MainThread >> ...replacing search_results_2.xls
08/22/2022 09:42:08 PM: MainThread >> ...replacing search_results_3.xls
08/22/2022 09:42:08 PM: MainThread >> ...replacing search_results_4.xls
08/22/2022 09:42:08 PM: MainThread >> ...replacing search_results.xls
08/22/2022 09:42:08 PM: MainThread >> ...replacing 33345_01_01_2014_31_12_2015_1_0_0_ua_utf8_00000000.xls
08/22/2022 09:42:08 PM: MainThread >> ...replacing __2633_ot_16_dekabrja_2021_g_.xls
08/22/2022 09:42:08 PM: MainThread >> ...replacing credentials.json
08/22/2022 09:42:08 PM: MainThread >> ...replacing RBRTEd.xls
08/22/2022 09:42:08 PM: MainThread >> ...replacing __2633_ot_16_dekabrja_2021_g__1639651592.xls
08/22/2022 09:42:08 PM: MainThread >> ...replacing weather_kyiv.xls
08/22/2022 09:42:08 PM: MainThread >> ...replacing weather.xls
08/22/2022 09:42:08 PM: MainThread >> ...replacing credentials_2.json
08/22/2022 09:42:08 PM: MainThread >> ...replacing search_results_2.xls
08/22/2022 09:42:08 PM: MainThread >> ...replacing search_results_3.xls
08/22/2022 09:42:08 PM: MainThread >> ...replacing search_results_4.xls
08/22/2022 09:42:08 PM: MainThread >> ...replacing search_results.xls
08/22/2022 09:42:08 PM: MainThread >> ...replacing 33345_01_01_2014_31_12_2015_1_0_0_ua_utf8_00000000.xls
08/22/2022 09:42:08 PM: MainThread >> ...replacing __2633_ot_16_dekabrja_2021_g_.xls
08/22/2022 09:42:08 PM: MainThread >> ...replacing credentials.json
08/22/2022 09:42:08 PM: MainThread >> ...replacing RBRTEd.xls
08/22/2022 09:42:08 PM: MainThread >> ...replacing __2633_ot_16_dekabrja_2021_g__1639651592.xls
08/22/2022 09:42:08 PM: MainThread >> ...replacing weather_kyiv.xls
08/22/2022 09:42:08 PM: MainThread >> ...replacing weather.xls
08/22/2022 09:42:08 PM: MainThread >> ...replacing credentials_2.json
08/22/2022 09:42:08 PM: MainThread >> ...replacing search_results_2.xls
08/22/2022 09:42:08 PM: MainThread >> ...replacing search_results_3.xls
08/22/2022 09:42:08 PM: MainThread >> ...replacing search_results_4.xls
08/22/2022 09:42:08 PM: MainThread >> ...replacing search_results.xls
08/22/2022 09:42:08 PM: MainThread >> ...replacing 33345_01_01_2014_31_12_2015_1_0_0_ua_utf8_00000000.xls
08/22/2022 09:42:08 PM: MainThread >> ...replacing __2633_ot_16_dekabrja_2021_g_.xls
08/22/2022 09:42:08 PM: MainThread >> ...replacing credentials.json
08/22/2022 09:42:08 PM: MainThread >> ...replacing RBRTEd.xls
08/22/2022 09:42:08 PM: MainThread >> ...replacing __2633_ot_16_dekabrja_2021_g__1639651592.xls
08/22/2022 09:42:08 PM: MainThread >> ...replacing weather_kyiv.xls
08/22/2022 09:42:08 PM: MainThread >> ...replacing weather_kyiv.xls
08/22/2022 09:42:08 PM: MainThread >> ...replacing weather.xls
08/22/2022 09:42:08 PM: MainThread >> ...replacing credentials_2.json
08/22/2022 09:42:08 PM: MainThread >> ...replacing search_results_2.xls
08/22/2022 09:42:08 PM: MainThread >> ...replacing search_results_3.xls
08/22/2022 09:42:08 PM: MainThread >> ...replacing search_results_4.xls
08/22/2022 09:42:08 PM: MainThread >> ...replacing search_results.xls
08/22/2022 09:42:08 PM: MainThread >> ...replacing 33345_01_01_2014_31_12_2015_1_0_0_ua_utf8_00000000.xls
08/22/2022 09:42:08 PM: MainThread >> ...replacing __2633_ot_16_dekabrja_2021_g_.xls
08/22/2022 09:42:08 PM: MainThread >> ...replacing credentials.json
08/22/2022 09:42:08 PM: MainThread >> ...replacing RBRTEd.xls
08/22/2022 09:42:08 PM: MainThread >> ...replacing __2633_ot_16_dekabrja_2021_g__1639651592.xls
08/22/2022 09:42:08 PM: MainThread >> ...replacing weather_kyiv.xls
08/22/2022 09:42:08 PM: MainThread >> ...unpacking archive Archive.zip
08/22/2022 09:42:09 PM: MainThread >> ...unpacking archive Archive.zip
08/22/2022 09:42:10 PM: MainThread >> ...unpacking archive Archive.zip
08/22/2022 09:42:11 PM: MainThread >> ...unpacking archive Archive.zip
08/22/2022 09:42:11 PM: MainThread >> ...unpacking archive Archive.zip
08/22/2022 09:42:12 PM: MainThread >> ...unpacking archive Archive.zip
08/22/2022 09:42:13 PM: MainThread >> ...deleting __MACOSX
08/22/2022 09:42:13 PM: MainThread >> ...deleting Archive
08/22/2022 09:42:13 PM: MainThread >> ...deleting 1
08/22/2022 09:42:13 PM: MainThread >> ...deleting 4
08/22/2022 09:42:13 PM: MainThread >> ...deleting 3
08/22/2022 09:42:13 PM: MainThread >> ...deleting 2
08/22/2022 09:42:13 PM: MainThread >> ...deleting 5
08/22/2022 09:42:13 PM: MainThread >> IMAGES:
08/22/2022 09:42:13 PM: MainThread >> 	photo_1532603255286_cbff320e586e.jpeg
08/22/2022 09:42:13 PM: MainThread >> 	photo_1637263972873_d358c3eb4543.jpeg
08/22/2022 09:42:13 PM: MainThread >> 	photo_1532603255286_cbff320e586e.jpeg
08/22/2022 09:42:13 PM: MainThread >> 	trendy-platev-44.jpg
08/22/2022 09:42:13 PM: MainThread >> 	trendy-platev-50.jpg
08/22/2022 09:42:13 PM: MainThread >> 	trendy-platev-52.jpg
08/22/2022 09:42:13 PM: MainThread >> 	photo-1618681850501-6e1aae4f916f.jpeg
08/22/2022 09:42:13 PM: MainThread >> 	zakup_04_12_2019_02.jpg
08/22/2022 09:42:13 PM: MainThread >> 	photo-1637263972873-d358c3eb4543.jpeg
08/22/2022 09:42:13 PM: MainThread >> 	._photo-1532603255286-cbff320e586e.jpeg
08/22/2022 09:42:13 PM: MainThread >> 	._trendy-platev-52.jpg
08/22/2022 09:42:13 PM: MainThread >> 	._zakup_04_12_2019_02.jpg
08/22/2022 09:42:13 PM: MainThread >> 	._trendy-platev-44.jpg
08/22/2022 09:42:13 PM: MainThread >> 	._trendy-platev-50.jpg
08/22/2022 09:42:13 PM: MainThread >> 	._photo-1637263972873-d358c3eb4543.jpeg
08/22/2022 09:42:13 PM: MainThread >> 	._photo-1618681850501-6e1aae4f916f.jpeg
08/22/2022 09:42:13 PM: MainThread >> 	photo-1532603255286-cbff320e586e.jpeg
08/22/2022 09:42:13 PM: MainThread >> 	photo_1637263972873_d358c3eb4543.jpeg
08/22/2022 09:42:13 PM: MainThread >> 	zakup_04_12_2019_02.jpg
08/22/2022 09:42:13 PM: MainThread >> 	photo_1618681850501_6e1aae4f916f.jpeg
08/22/2022 09:42:13 PM: MainThread >> 	trendy_platev_44.jpg
08/22/2022 09:42:13 PM: MainThread >> 	trendy_platev_50.jpg
08/22/2022 09:42:13 PM: MainThread >> 	trendy_platev_52.jpg
08/22/2022 09:42:13 PM: MainThread >> 	zakup_04_12_2019_02.jpg
08/22/2022 09:42:13 PM: MainThread >> 	photo_1618681850501_6e1aae4f916f.jpeg
08/22/2022 09:42:13 PM: MainThread >> 	trendy_platev_44.jpg
08/22/2022 09:42:13 PM: MainThread >> 	trendy_platev_50.jpg
08/22/2022 09:42:13 PM: MainThread >> 	trendy_platev_52.jpg
08/22/2022 09:42:13 PM: MainThread >> 	photo_1532603255286_cbff320e586e.jpeg
08/22/2022 09:42:13 PM: MainThread >> 	photo_1637263972873_d358c3eb4543.jpeg
08/22/2022 09:42:13 PM: MainThread >> 	zakup_04_12_2019_02.jpg
08/22/2022 09:42:13 PM: MainThread >> 	photo_1618681850501_6e1aae4f916f.jpeg
08/22/2022 09:42:13 PM: MainThread >> 	trendy_platev_44.jpg
08/22/2022 09:42:13 PM: MainThread >> 	trendy_platev_50.jpg
08/22/2022 09:42:13 PM: MainThread >> 	trendy_platev_52.jpg
08/22/2022 09:42:13 PM: MainThread >> 	photo_1532603255286_cbff320e586e.jpeg
08/22/2022 09:42:13 PM: MainThread >> 	photo_1637263972873_d358c3eb4543.jpeg
08/22/2022 09:42:13 PM: MainThread >> 	zakup_04_12_2019_02.jpg
08/22/2022 09:42:13 PM: MainThread >> 	photo_1618681850501_6e1aae4f916f.jpeg
08/22/2022 09:42:13 PM: MainThread >> 	trendy_platev_44.jpg
08/22/2022 09:42:13 PM: MainThread >> 	trendy_platev_50.jpg
08/22/2022 09:42:13 PM: MainThread >> 	trendy_platev_52.jpg
08/22/2022 09:42:13 PM: MainThread >> 	photo_1532603255286_cbff320e586e.jpeg
08/22/2022 09:42:13 PM: MainThread >> 	photo_1637263972873_d358c3eb4543.jpeg
08/22/2022 09:42:13 PM: MainThread >> 	zakup_04_12_2019_02.jpg
08/22/2022 09:42:13 PM: MainThread >> 	photo_1618681850501_6e1aae4f916f.jpeg
08/22/2022 09:42:13 PM: MainThread >> 	trendy_platev_44.jpg
08/22/2022 09:42:13 PM: MainThread >> 	trendy_platev_50.jpg
08/22/2022 09:42:13 PM: MainThread >> 	trendy_platev_52.jpg
08/22/2022 09:42:13 PM: MainThread >> 	photo_1532603255286_cbff320e586e.jpeg
08/22/2022 09:42:13 PM: MainThread >> 	photo_1637263972873_d358c3eb4543.jpeg
08/22/2022 09:42:13 PM: MainThread >> 	zakup_04_12_2019_02.jpg
08/22/2022 09:42:13 PM: MainThread >> 	photo_1618681850501_6e1aae4f916f.jpeg
08/22/2022 09:42:13 PM: MainThread >> 	trendy_platev_44.jpg
08/22/2022 09:42:13 PM: MainThread >> 	trendy_platev_50.jpg
08/22/2022 09:42:13 PM: MainThread >> 	trendy_platev_52.jpg
08/22/2022 09:42:13 PM: MainThread >> VIDEO:
08/22/2022 09:42:13 PM: MainThread >> 	Test task1_video.mp4
08/22/2022 09:42:13 PM: MainThread >> 	._Test task1_video.mp4
08/22/2022 09:42:13 PM: MainThread >> 	._video_2022-02-28_13-53-26.mp4
08/22/2022 09:42:13 PM: MainThread >> 	video_2022-02-28_13-53-26.mp4
08/22/2022 09:42:13 PM: MainThread >> 	video_2022_02_28_13_53_26.mp4
08/22/2022 09:42:13 PM: MainThread >> 	Test_task1_video.mp4
08/22/2022 09:42:13 PM: MainThread >> 	video_2022_02_28_13_53_26.mp4
08/22/2022 09:42:13 PM: MainThread >> 	Test_task1_video.mp4
08/22/2022 09:42:13 PM: MainThread >> 	video_2022_02_28_13_53_26.mp4
08/22/2022 09:42:13 PM: MainThread >> 	Test_task1_video.mp4
08/22/2022 09:42:13 PM: MainThread >> 	video_2022_02_28_13_53_26.mp4
08/22/2022 09:42:13 PM: MainThread >> 	Test_task1_video.mp4
08/22/2022 09:42:13 PM: MainThread >> 	video_2022_02_28_13_53_26.mp4
08/22/2022 09:42:13 PM: MainThread >> 	Test_task1_video.mp4
08/22/2022 09:42:13 PM: MainThread >> 	video_2022_02_28_13_53_26.mp4
08/22/2022 09:42:13 PM: MainThread >> 	Test_task1_video.mp4
08/22/2022 09:42:13 PM: MainThread >> DOCUMENTS:
08/22/2022 09:42:13 PM: MainThread >> 	36and6_detective_text_small.pdf
08/22/2022 09:42:13 PM: MainThread >> 	Vitrati_2021.xlsx
08/22/2022 09:42:13 PM: MainThread >> 	36and6_detective_text_small.pdf
08/22/2022 09:42:13 PM: MainThread >> 	36and6_detective_text_small.pdf
08/22/2022 09:42:13 PM: MainThread >> 	2021-07-17_nataliya_pysanka.pdf
08/22/2022 09:42:13 PM: MainThread >> 	╨Æ╨╕╤é╤Ç╨░╤é╨╕ 2021.xlsx
08/22/2022 09:42:13 PM: MainThread >> 	._╨Æ╨╕╤é╤Ç╨░╤é╨╕ 2021.xlsx
08/22/2022 09:42:13 PM: MainThread >> 	._36and6_detective_text_small.pdf
08/22/2022 09:42:13 PM: MainThread >> 	._2021-07-17_nataliya_pysanka.pdf
08/22/2022 09:42:13 PM: MainThread >> 	Vitrati_2021.xlsx
08/22/2022 09:42:13 PM: MainThread >> 	2021_07_17_nataliya_pysanka.pdf
08/22/2022 09:42:13 PM: MainThread >> 	2021_07_17_nataliya_pysanka.pdf
08/22/2022 09:42:13 PM: MainThread >> 	36and6_detective_text_small.pdf
08/22/2022 09:42:13 PM: MainThread >> 	Vitrati_2021.xlsx
08/22/2022 09:42:13 PM: MainThread >> 	2021_07_17_nataliya_pysanka.pdf
08/22/2022 09:42:13 PM: MainThread >> 	36and6_detective_text_small.pdf
08/22/2022 09:42:13 PM: MainThread >> 	Vitrati_2021.xlsx
08/22/2022 09:42:13 PM: MainThread >> 	2021_07_17_nataliya_pysanka.pdf
08/22/2022 09:42:13 PM: MainThread >> 	36and6_detective_text_small.pdf
08/22/2022 09:42:13 PM: MainThread >> 	Vitrati_2021.xlsx
08/22/2022 09:42:13 PM: MainThread >> 	2021_07_17_nataliya_pysanka.pdf
08/22/2022 09:42:13 PM: MainThread >> 	36and6_detective_text_small.pdf
08/22/2022 09:42:13 PM: MainThread >> 	Vitrati_2021.xlsx
08/22/2022 09:42:13 PM: MainThread >> 	2021_07_17_nataliya_pysanka.pdf
08/22/2022 09:42:13 PM: MainThread >> ARCHIVES:
08/22/2022 09:42:13 PM: MainThread >> 	Archive.zip
08/22/2022 09:42:13 PM: MainThread >> 	Archive.zip
08/22/2022 09:42:13 PM: MainThread >> 	Archive.zip
08/22/2022 09:42:13 PM: MainThread >> 	Archive.zip
08/22/2022 09:42:13 PM: MainThread >> 	Archive.zip
08/22/2022 09:42:13 PM: MainThread >> 	Archive.zip
08/22/2022 09:42:13 PM: MainThread >> OTHERS:
08/22/2022 09:42:13 PM: MainThread >> 	weather.xls
08/22/2022 09:42:13 PM: MainThread >> 	credentials_2.json
08/22/2022 09:42:13 PM: MainThread >> 	search_results_2.xls
08/22/2022 09:42:13 PM: MainThread >> 	search_results_3.xls
08/22/2022 09:42:13 PM: MainThread >> 	search_results_4.xls
08/22/2022 09:42:13 PM: MainThread >> 	search_results.xls
08/22/2022 09:42:13 PM: MainThread >> 	33345_01_01_2014_31_12_2015_1_0_0_ua_utf8_00000000.xls
08/22/2022 09:42:13 PM: MainThread >> 	weather.xls
08/22/2022 09:42:13 PM: MainThread >> 	weather.xls
08/22/2022 09:42:13 PM: MainThread >> 	search_results-3.xls
08/22/2022 09:42:13 PM: MainThread >> 	search_results-2.xls
08/22/2022 09:42:13 PM: MainThread >> 	Γäû 2633 ╨╛╤é 16 ╨┤╨╡╨║╨░╨▒╤Ç╤Å 2021 ╨│._1639651592.xls
08/22/2022 09:42:13 PM: MainThread >> 	search_results-4.xls
08/22/2022 09:42:13 PM: MainThread >> 	search_results.xls
08/22/2022 09:42:13 PM: MainThread >> 	33345.01.01.2014.31.12.2015.1.0.0.ua.utf8.00000000.xls
08/22/2022 09:42:13 PM: MainThread >> 	._weather_kyiv.xls
08/22/2022 09:42:13 PM: MainThread >> 	._33345.01.01.2014.31.12.2015.1.0.0.ua.utf8.00000000.xls
08/22/2022 09:42:13 PM: MainThread >> 	._credentials-2.json
08/22/2022 09:42:13 PM: MainThread >> 	._search_results-4.xls
08/22/2022 09:42:13 PM: MainThread >> 	._Γäû 2633 ╨╛╤é 16 ╨┤╨╡╨║╨░╨▒╤Ç╤Å 2021 ╨│._1639651592.xls
08/22/2022 09:42:13 PM: MainThread >> 	._credentials.json
08/22/2022 09:42:13 PM: MainThread >> 	._search_results-2.xls
08/22/2022 09:42:13 PM: MainThread >> 	._search_results-3.xls
08/22/2022 09:42:13 PM: MainThread >> 	._search_results.xls
08/22/2022 09:42:13 PM: MainThread >> 	._weather.xls
08/22/2022 09:42:13 PM: MainThread >> 	._RBRTEd.xls
08/22/2022 09:42:13 PM: MainThread >> 	credentials-2.json
08/22/2022 09:42:13 PM: MainThread >> 	credentials.json
08/22/2022 09:42:13 PM: MainThread >> 	RBRTEd.xls
08/22/2022 09:42:13 PM: MainThread >> 	weather_kyiv.xls
08/22/2022 09:42:13 PM: MainThread >> 	credentials_2.json
08/22/2022 09:42:13 PM: MainThread >> 	search_results_2.xls
08/22/2022 09:42:13 PM: MainThread >> 	search_results_3.xls
08/22/2022 09:42:13 PM: MainThread >> 	search_results_4.xls
08/22/2022 09:42:13 PM: MainThread >> 	search_results.xls
08/22/2022 09:42:13 PM: MainThread >> 	33345_01_01_2014_31_12_2015_1_0_0_ua_utf8_00000000.xls
08/22/2022 09:42:13 PM: MainThread >> 	__2633_ot_16_dekabrja_2021_g_.xls
08/22/2022 09:42:13 PM: MainThread >> 	credentials.json
08/22/2022 09:42:13 PM: MainThread >> 	RBRTEd.xls
08/22/2022 09:42:13 PM: MainThread >> 	__2633_ot_16_dekabrja_2021_g__1639651592.xls
08/22/2022 09:42:13 PM: MainThread >> 	weather_kyiv.xls
08/22/2022 09:42:13 PM: MainThread >> 	__2633_ot_16_dekabrja_2021_g_.xls
08/22/2022 09:42:13 PM: MainThread >> 	credentials.json
08/22/2022 09:42:13 PM: MainThread >> 	RBRTEd.xls
08/22/2022 09:42:13 PM: MainThread >> 	__2633_ot_16_dekabrja_2021_g__1639651592.xls
08/22/2022 09:42:13 PM: MainThread >> 	weather.xls
08/22/2022 09:42:13 PM: MainThread >> 	credentials_2.json
08/22/2022 09:42:13 PM: MainThread >> 	search_results_2.xls
08/22/2022 09:42:13 PM: MainThread >> 	search_results_3.xls
08/22/2022 09:42:13 PM: MainThread >> 	search_results_4.xls
08/22/2022 09:42:13 PM: MainThread >> 	search_results.xls
08/22/2022 09:42:13 PM: MainThread >> 	33345_01_01_2014_31_12_2015_1_0_0_ua_utf8_00000000.xls
08/22/2022 09:42:13 PM: MainThread >> 	__2633_ot_16_dekabrja_2021_g_.xls
08/22/2022 09:42:13 PM: MainThread >> 	credentials.json
08/22/2022 09:42:13 PM: MainThread >> 	RBRTEd.xls
08/22/2022 09:42:13 PM: MainThread >> 	__2633_ot_16_dekabrja_2021_g__1639651592.xls
08/22/2022 09:42:13 PM: MainThread >> 	weather_kyiv.xls
08/22/2022 09:42:13 PM: MainThread >> 	weather.xls
08/22/2022 09:42:13 PM: MainThread >> 	credentials_2.json
08/22/2022 09:42:13 PM: MainThread >> 	search_results_2.xls
08/22/2022 09:42:13 PM: MainThread >> 	search_results_3.xls
08/22/2022 09:42:13 PM: MainThread >> 	search_results_4.xls
08/22/2022 09:42:13 PM: MainThread >> 	search_results.xls
08/22/2022 09:42:13 PM: MainThread >> 	33345_01_01_2014_31_12_2015_1_0_0_ua_utf8_00000000.xls
08/22/2022 09:42:13 PM: MainThread >> 	__2633_ot_16_dekabrja_2021_g_.xls
08/22/2022 09:42:13 PM: MainThread >> 	credentials.json
08/22/2022 09:42:13 PM: MainThread >> 	RBRTEd.xls
08/22/2022 09:42:13 PM: MainThread >> 	__2633_ot_16_dekabrja_2021_g__1639651592.xls
08/22/2022 09:42:13 PM: MainThread >> 	weather_kyiv.xls
08/22/2022 09:42:13 PM: MainThread >> 	weather.xls
08/22/2022 09:42:13 PM: MainThread >> 	credentials_2.json
08/22/2022 09:42:13 PM: MainThread >> 	search_results_2.xls
08/22/2022 09:42:13 PM: MainThread >> 	search_results_3.xls
08/22/2022 09:42:13 PM: MainThread >> 	search_results_4.xls
08/22/2022 09:42:13 PM: MainThread >> 	search_results.xls
08/22/2022 09:42:13 PM: MainThread >> 	33345_01_01_2014_31_12_2015_1_0_0_ua_utf8_00000000.xls
08/22/2022 09:42:13 PM: MainThread >> 	__2633_ot_16_dekabrja_2021_g_.xls
08/22/2022 09:42:13 PM: MainThread >> 	credentials.json
08/22/2022 09:42:13 PM: MainThread >> 	RBRTEd.xls
08/22/2022 09:42:13 PM: MainThread >> 	__2633_ot_16_dekabrja_2021_g__1639651592.xls
08/22/2022 09:42:13 PM: MainThread >> 	weather_kyiv.xls
08/22/2022 09:42:13 PM: MainThread >> 	weather_kyiv.xls
08/22/2022 09:42:13 PM: MainThread >> 	weather.xls
08/22/2022 09:42:13 PM: MainThread >> 	credentials_2.json
08/22/2022 09:42:13 PM: MainThread >> 	search_results_2.xls
08/22/2022 09:42:13 PM: MainThread >> 	search_results_3.xls
08/22/2022 09:42:13 PM: MainThread >> 	search_results_4.xls
08/22/2022 09:42:13 PM: MainThread >> 	search_results.xls
08/22/2022 09:42:13 PM: MainThread >> 	33345_01_01_2014_31_12_2015_1_0_0_ua_utf8_00000000.xls
08/22/2022 09:42:13 PM: MainThread >> 	__2633_ot_16_dekabrja_2021_g_.xls
08/22/2022 09:42:13 PM: MainThread >> 	credentials.json
08/22/2022 09:42:13 PM: MainThread >> 	RBRTEd.xls
08/22/2022 09:42:13 PM: MainThread >> 	__2633_ot_16_dekabrja_2021_g__1639651592.xls
08/22/2022 09:42:13 PM: MainThread >> 	weather_kyiv.xls
08/22/2022 09:42:13 PM: MainThread >> FOLDERS:
08/22/2022 09:42:13 PM: MainThread >> 	__MACOSX
08/22/2022 09:42:13 PM: MainThread >> 	Archive
08/22/2022 09:42:13 PM: MainThread >> 	1
08/22/2022 09:42:13 PM: MainThread >> 	4
08/22/2022 09:42:13 PM: MainThread >> 	3
08/22/2022 09:42:13 PM: MainThread >> 	2
08/22/2022 09:42:13 PM: MainThread >> 	5
08/22/2022 09:42:13 PM: MainThread >> Known extensions: MP4 PDF JPEG ZIP XLSX JPG
08/22/2022 09:42:13 PM: MainThread >> Unknown extensions: XLS JSON
08/22/2022 09:42:13 PM: MainThread >> Folder was scanned for 0:00:05.848143 sec
08/22/2022 11:31:59 PM: MainThread >> Work with "dir" folder...
08/22/2022 11:31:59 PM: ImagesThread-0 >> ...replacing photo_1532603255286_cbff320e586e.jpeg
08/22/2022 11:31:59 PM: ImagesThread-1 >> ...replacing photo_1637263972873_d358c3eb4543.jpeg
08/22/2022 11:31:59 PM: ImagesThread-2 >> ...replacing photo_1532603255286_cbff320e586e.jpeg
08/22/2022 11:31:59 PM: ImagesThread-3 >> ...replacing trendy-platev-44.jpg
08/22/2022 11:31:59 PM: ImagesThread-4 >> ...replacing trendy-platev-50.jpg
08/22/2022 11:31:59 PM: ImagesThread-8 >> ...replacing photo-1637263972873-d358c3eb4543.jpeg
08/22/2022 11:31:59 PM: ImagesThread-6 >> ...replacing photo-1618681850501-6e1aae4f916f.jpeg
08/22/2022 11:31:59 PM: ImagesThread-5 >> ...replacing trendy-platev-52.jpg
08/22/2022 11:31:59 PM: ImagesThread-7 >> ...replacing zakup_04_12_2019_02.jpg
08/22/2022 11:31:59 PM: ImagesThread-9 >> ...replacing ._photo-1532603255286-cbff320e586e.jpeg
08/22/2022 11:31:59 PM: ImagesThread-11 >> ...replacing ._zakup_04_12_2019_02.jpg
08/22/2022 11:31:59 PM: ImagesThread-10 >> ...replacing ._trendy-platev-52.jpg
08/22/2022 11:31:59 PM: ImagesThread-12 >> ...replacing ._trendy-platev-44.jpg
08/22/2022 11:31:59 PM: ImagesThread-13 >> ...replacing ._trendy-platev-50.jpg
08/22/2022 11:31:59 PM: ImagesThread-14 >> ...replacing ._photo-1637263972873-d358c3eb4543.jpeg
08/22/2022 11:31:59 PM: ImagesThread-18 >> ...replacing zakup_04_12_2019_02.jpg
08/22/2022 11:31:59 PM: ImagesThread-17 >> ...replacing photo_1637263972873_d358c3eb4543.jpeg
08/22/2022 11:31:59 PM: ImagesThread-15 >> ...replacing ._photo-1618681850501-6e1aae4f916f.jpeg
08/22/2022 11:31:59 PM: ImagesThread-16 >> ...replacing photo-1532603255286-cbff320e586e.jpeg
08/22/2022 11:31:59 PM: ImagesThread-19 >> ...replacing photo_1618681850501_6e1aae4f916f.jpeg
08/22/2022 11:31:59 PM: ImagesThread-20 >> ...replacing trendy_platev_44.jpg
08/22/2022 11:31:59 PM: ImagesThread-21 >> ...replacing trendy_platev_50.jpg
08/22/2022 11:31:59 PM: ImagesThread-22 >> ...replacing trendy_platev_52.jpg
08/22/2022 11:31:59 PM: ImagesThread-23 >> ...replacing zakup_04_12_2019_02.jpg
08/22/2022 11:31:59 PM: ImagesThread-27 >> ...replacing trendy_platev_52.jpg
08/22/2022 11:31:59 PM: ImagesThread-24 >> ...replacing photo_1618681850501_6e1aae4f916f.jpeg
08/22/2022 11:31:59 PM: ImagesThread-26 >> ...replacing trendy_platev_50.jpg
08/22/2022 11:31:59 PM: ImagesThread-25 >> ...replacing trendy_platev_44.jpg
08/22/2022 11:31:59 PM: ImagesThread-28 >> ...replacing photo_1532603255286_cbff320e586e.jpeg
08/22/2022 11:31:59 PM: ImagesThread-29 >> ...replacing photo_1637263972873_d358c3eb4543.jpeg
08/22/2022 11:31:59 PM: ImagesThread-31 >> ...replacing photo_1618681850501_6e1aae4f916f.jpeg
08/22/2022 11:31:59 PM: ImagesThread-30 >> ...replacing zakup_04_12_2019_02.jpg
08/22/2022 11:31:59 PM: ImagesThread-32 >> ...replacing trendy_platev_44.jpg
08/22/2022 11:31:59 PM: ImagesThread-34 >> ...replacing trendy_platev_52.jpg
08/22/2022 11:31:59 PM: ImagesThread-33 >> ...replacing trendy_platev_50.jpg
08/22/2022 11:31:59 PM: ImagesThread-35 >> ...replacing photo_1532603255286_cbff320e586e.jpeg
08/22/2022 11:31:59 PM: ImagesThread-36 >> ...replacing photo_1637263972873_d358c3eb4543.jpeg
08/22/2022 11:31:59 PM: ImagesThread-37 >> ...replacing zakup_04_12_2019_02.jpg
08/22/2022 11:31:59 PM: ImagesThread-38 >> ...replacing photo_1618681850501_6e1aae4f916f.jpeg
08/22/2022 11:31:59 PM: ImagesThread-41 >> ...replacing trendy_platev_52.jpg
08/22/2022 11:31:59 PM: ImagesThread-40 >> ...replacing trendy_platev_50.jpg
08/22/2022 11:31:59 PM: ImagesThread-49 >> ...replacing photo_1532603255286_cbff320e586e.jpeg
08/22/2022 11:31:59 PM: ImagesThread-42 >> ...replacing photo_1532603255286_cbff320e586e.jpeg
08/22/2022 11:31:59 PM: ImagesThread-43 >> ...replacing photo_1637263972873_d358c3eb4543.jpeg
08/22/2022 11:31:59 PM: ImagesThread-44 >> ...replacing zakup_04_12_2019_02.jpg
08/22/2022 11:31:59 PM: ImagesThread-46 >> ...replacing trendy_platev_44.jpg
08/22/2022 11:31:59 PM: ImagesThread-45 >> ...replacing photo_1618681850501_6e1aae4f916f.jpeg
08/22/2022 11:31:59 PM: ImagesThread-47 >> ...replacing trendy_platev_50.jpg
08/22/2022 11:31:59 PM: ImagesThread-39 >> ...replacing trendy_platev_44.jpg
08/22/2022 11:31:59 PM: ImagesThread-48 >> ...replacing trendy_platev_52.jpg
08/22/2022 11:31:59 PM: ImagesThread-50 >> ...replacing photo_1637263972873_d358c3eb4543.jpeg
08/22/2022 11:31:59 PM: VideoThread-5 >> ...replacing Test_task1_video.mp4
08/22/2022 11:31:59 PM: ImagesThread-51 >> ...replacing zakup_04_12_2019_02.jpg
08/22/2022 11:31:59 PM: ImagesThread-53 >> ...replacing trendy_platev_44.jpg
08/22/2022 11:31:59 PM: ImagesThread-52 >> ...replacing photo_1618681850501_6e1aae4f916f.jpeg
08/22/2022 11:31:59 PM: ImagesThread-55 >> ...replacing trendy_platev_52.jpg
08/22/2022 11:31:59 PM: VideoThread-0 >> ...replacing Test task1_video.mp4
08/22/2022 11:31:59 PM: VideoThread-10 >> ...replacing video_2022_02_28_13_53_26.mp4
08/22/2022 11:31:59 PM: VideoThread-1 >> ...replacing ._Test task1_video.mp4
08/22/2022 11:31:59 PM: VideoThread-3 >> ...replacing video_2022-02-28_13-53-26.mp4
08/22/2022 11:31:59 PM: VideoThread-4 >> ...replacing video_2022_02_28_13_53_26.mp4
08/22/2022 11:31:59 PM: VideoThread-6 >> ...replacing video_2022_02_28_13_53_26.mp4
08/22/2022 11:31:59 PM: ImagesThread-54 >> ...replacing trendy_platev_50.jpg
08/22/2022 11:31:59 PM: VideoThread-8 >> ...replacing video_2022_02_28_13_53_26.mp4
08/22/2022 11:31:59 PM: VideoThread-7 >> ...replacing Test_task1_video.mp4
08/22/2022 11:31:59 PM: VideoThread-9 >> ...replacing Test_task1_video.mp4
08/22/2022 11:31:59 PM: VideoThread-2 >> ...replacing ._video_2022-02-28_13-53-26.mp4
08/22/2022 11:31:59 PM: VideoThread-11 >> ...replacing Test_task1_video.mp4
08/22/2022 11:31:59 PM: VideoThread-12 >> ...replacing video_2022_02_28_13_53_26.mp4
08/22/2022 11:31:59 PM: VideoThread-14 >> ...replacing video_2022_02_28_13_53_26.mp4
08/22/2022 11:31:59 PM: VideoThread-13 >> ...replacing Test_task1_video.mp4
08/22/2022 11:31:59 PM: VideoThread-15 >> ...replacing Test_task1_video.mp4
08/22/2022 11:31:59 PM: DocThread-0 >> ...replacing 36and6_detective_text_small.pdf
08/22/2022 11:31:59 PM: DocThread-1 >> ...replacing Vitrati_2021.xlsx
08/22/2022 11:31:59 PM: DocThread-2 >> ...replacing 36and6_detective_text_small.pdf
08/22/2022 11:31:59 PM: DocThread-3 >> ...replacing 36and6_detective_text_small.pdf
08/22/2022 11:31:59 PM: DocThread-4 >> ...replacing 2021-07-17_nataliya_pysanka.pdf
08/22/2022 11:31:59 PM: DocThread-6 >> ...replacing ._╨Æ╨╕╤é╤Ç╨░╤é╨╕ 2021.xlsx
08/22/2022 11:31:59 PM: DocThread-5 >> ...replacing ╨Æ╨╕╤é╤Ç╨░╤é╨╕ 2021.xlsx
08/22/2022 11:31:59 PM: DocThread-9 >> ...replacing Vitrati_2021.xlsx
08/22/2022 11:31:59 PM: DocThread-7 >> ...replacing ._36and6_detective_text_small.pdf
08/22/2022 11:31:59 PM: DocThread-10 >> ...replacing 2021_07_17_nataliya_pysanka.pdf
08/22/2022 11:32:00 PM: DocThread-8 >> ...replacing ._2021-07-17_nataliya_pysanka.pdf
08/22/2022 11:32:00 PM: DocThread-11 >> ...replacing 2021_07_17_nataliya_pysanka.pdf
08/22/2022 11:32:00 PM: DocThread-12 >> ...replacing 36and6_detective_text_small.pdf
08/22/2022 11:32:00 PM: DocThread-13 >> ...replacing Vitrati_2021.xlsx
08/22/2022 11:32:00 PM: DocThread-14 >> ...replacing 2021_07_17_nataliya_pysanka.pdf
08/22/2022 11:32:00 PM: DocThread-15 >> ...replacing 36and6_detective_text_small.pdf
08/22/2022 11:32:00 PM: DocThread-16 >> ...replacing Vitrati_2021.xlsx
08/22/2022 11:32:00 PM: DocThread-17 >> ...replacing 2021_07_17_nataliya_pysanka.pdf
08/22/2022 11:32:00 PM: DocThread-19 >> ...replacing Vitrati_2021.xlsx
08/22/2022 11:32:00 PM: DocThread-18 >> ...replacing 36and6_detective_text_small.pdf
08/22/2022 11:32:00 PM: DocThread-20 >> ...replacing 2021_07_17_nataliya_pysanka.pdf
08/22/2022 11:32:00 PM: DocThread-21 >> ...replacing 36and6_detective_text_small.pdf
08/22/2022 11:32:00 PM: DocThread-22 >> ...replacing Vitrati_2021.xlsx
08/22/2022 11:32:00 PM: DocThread-23 >> ...replacing 2021_07_17_nataliya_pysanka.pdf
08/22/2022 11:32:00 PM: OtherThread-0 >> ...replacing weather.xls
08/22/2022 11:32:00 PM: OtherThread-1 >> ...replacing credentials_2.json
08/22/2022 11:32:00 PM: OtherThread-2 >> ...replacing search_results_2.xls
08/22/2022 11:32:00 PM: OtherThread-3 >> ...replacing search_results_3.xls
08/22/2022 11:32:00 PM: OtherThread-4 >> ...replacing search_results_4.xls
08/22/2022 11:32:00 PM: OtherThread-5 >> ...replacing search_results.xls
08/22/2022 11:32:00 PM: OtherThread-6 >> ...replacing 33345_01_01_2014_31_12_2015_1_0_0_ua_utf8_00000000.xls
08/22/2022 11:32:00 PM: OtherThread-7 >> ...replacing weather.xls
08/22/2022 11:32:00 PM: OtherThread-8 >> ...replacing weather.xls
08/22/2022 11:32:00 PM: OtherThread-9 >> ...replacing search_results-3.xls
08/22/2022 11:32:00 PM: OtherThread-10 >> ...replacing search_results-2.xls
08/22/2022 11:32:00 PM: OtherThread-11 >> ...replacing Γäû 2633 ╨╛╤é 16 ╨┤╨╡╨║╨░╨▒╤Ç╤Å 2021 ╨│._1639651592.xls
08/22/2022 11:32:00 PM: OtherThread-12 >> ...replacing search_results-4.xls
08/22/2022 11:32:00 PM: OtherThread-13 >> ...replacing search_results.xls
08/22/2022 11:32:00 PM: OtherThread-14 >> ...replacing 33345.01.01.2014.31.12.2015.1.0.0.ua.utf8.00000000.xls
08/22/2022 11:32:00 PM: OtherThread-15 >> ...replacing ._weather_kyiv.xls
08/22/2022 11:32:00 PM: OtherThread-16 >> ...replacing ._33345.01.01.2014.31.12.2015.1.0.0.ua.utf8.00000000.xls
08/22/2022 11:32:00 PM: OtherThread-17 >> ...replacing ._credentials-2.json
08/22/2022 11:32:00 PM: OtherThread-18 >> ...replacing ._search_results-4.xls
08/22/2022 11:32:00 PM: OtherThread-19 >> ...replacing ._Γäû 2633 ╨╛╤é 16 ╨┤╨╡╨║╨░╨▒╤Ç╤Å 2021 ╨│._1639651592.xls
08/22/2022 11:32:00 PM: OtherThread-20 >> ...replacing ._credentials.json
08/22/2022 11:32:00 PM: OtherThread-21 >> ...replacing ._search_results-2.xls
08/22/2022 11:32:00 PM: OtherThread-22 >> ...replacing ._search_results-3.xls
08/22/2022 11:32:00 PM: OtherThread-23 >> ...replacing ._search_results.xls
08/22/2022 11:32:00 PM: OtherThread-24 >> ...replacing ._weather.xls
08/22/2022 11:32:00 PM: OtherThread-25 >> ...replacing ._RBRTEd.xls
08/22/2022 11:32:00 PM: OtherThread-26 >> ...replacing credentials-2.json
08/22/2022 11:32:00 PM: OtherThread-27 >> ...replacing credentials.json
08/22/2022 11:32:00 PM: OtherThread-28 >> ...replacing RBRTEd.xls
08/22/2022 11:32:00 PM: OtherThread-29 >> ...replacing weather_kyiv.xls
08/22/2022 11:32:00 PM: OtherThread-30 >> ...replacing credentials_2.json
08/22/2022 11:32:00 PM: OtherThread-31 >> ...replacing search_results_2.xls
08/22/2022 11:32:00 PM: OtherThread-32 >> ...replacing search_results_3.xls
08/22/2022 11:32:00 PM: OtherThread-33 >> ...replacing search_results_4.xls
08/22/2022 11:32:00 PM: OtherThread-34 >> ...replacing search_results.xls
08/22/2022 11:32:00 PM: OtherThread-35 >> ...replacing 33345_01_01_2014_31_12_2015_1_0_0_ua_utf8_00000000.xls
08/22/2022 11:32:00 PM: OtherThread-36 >> ...replacing __2633_ot_16_dekabrja_2021_g_.xls
08/22/2022 11:32:00 PM: OtherThread-37 >> ...replacing credentials.json
08/22/2022 11:32:00 PM: OtherThread-38 >> ...replacing RBRTEd.xls
08/22/2022 11:32:00 PM: OtherThread-39 >> ...replacing __2633_ot_16_dekabrja_2021_g__1639651592.xls
08/22/2022 11:32:00 PM: OtherThread-40 >> ...replacing weather_kyiv.xls
08/22/2022 11:32:00 PM: OtherThread-41 >> ...replacing __2633_ot_16_dekabrja_2021_g_.xls
08/22/2022 11:32:00 PM: OtherThread-42 >> ...replacing credentials.json
08/22/2022 11:32:00 PM: OtherThread-43 >> ...replacing RBRTEd.xls
08/22/2022 11:32:00 PM: OtherThread-44 >> ...replacing __2633_ot_16_dekabrja_2021_g__1639651592.xls
08/22/2022 11:32:00 PM: OtherThread-45 >> ...replacing weather.xls
08/22/2022 11:32:00 PM: OtherThread-46 >> ...replacing credentials_2.json
08/22/2022 11:32:00 PM: OtherThread-47 >> ...replacing search_results_2.xls
08/22/2022 11:32:00 PM: OtherThread-48 >> ...replacing search_results_3.xls
08/22/2022 11:32:00 PM: OtherThread-49 >> ...replacing search_results_4.xls
08/22/2022 11:32:00 PM: OtherThread-50 >> ...replacing search_results.xls
08/22/2022 11:32:00 PM: OtherThread-51 >> ...replacing 33345_01_01_2014_31_12_2015_1_0_0_ua_utf8_00000000.xls
08/22/2022 11:32:00 PM: OtherThread-52 >> ...replacing __2633_ot_16_dekabrja_2021_g_.xls
08/22/2022 11:32:00 PM: OtherThread-53 >> ...replacing credentials.json
08/22/2022 11:32:00 PM: OtherThread-54 >> ...replacing RBRTEd.xls
08/22/2022 11:32:00 PM: OtherThread-55 >> ...replacing __2633_ot_16_dekabrja_2021_g__1639651592.xls
08/22/2022 11:32:00 PM: OtherThread-56 >> ...replacing weather_kyiv.xls
08/22/2022 11:32:00 PM: OtherThread-57 >> ...replacing weather.xls
08/22/2022 11:32:00 PM: OtherThread-58 >> ...replacing credentials_2.json
08/22/2022 11:32:00 PM: OtherThread-59 >> ...replacing search_results_2.xls
08/22/2022 11:32:00 PM: OtherThread-60 >> ...replacing search_results_3.xls
08/22/2022 11:32:00 PM: OtherThread-61 >> ...replacing search_results_4.xls
08/22/2022 11:32:00 PM: OtherThread-62 >> ...replacing search_results.xls
08/22/2022 11:32:00 PM: OtherThread-63 >> ...replacing 33345_01_01_2014_31_12_2015_1_0_0_ua_utf8_00000000.xls
08/22/2022 11:32:00 PM: OtherThread-64 >> ...replacing __2633_ot_16_dekabrja_2021_g_.xls
08/22/2022 11:32:00 PM: OtherThread-65 >> ...replacing credentials.json
08/22/2022 11:32:00 PM: OtherThread-66 >> ...replacing RBRTEd.xls
08/22/2022 11:32:00 PM: OtherThread-67 >> ...replacing __2633_ot_16_dekabrja_2021_g__1639651592.xls
08/22/2022 11:32:00 PM: OtherThread-68 >> ...replacing weather_kyiv.xls
08/22/2022 11:32:00 PM: OtherThread-69 >> ...replacing weather.xls
08/22/2022 11:32:00 PM: OtherThread-70 >> ...replacing credentials_2.json
08/22/2022 11:32:00 PM: OtherThread-71 >> ...replacing search_results_2.xls
08/22/2022 11:32:00 PM: OtherThread-72 >> ...replacing search_results_3.xls
08/22/2022 11:32:00 PM: OtherThread-73 >> ...replacing search_results_4.xls
08/22/2022 11:32:00 PM: OtherThread-74 >> ...replacing search_results.xls
08/22/2022 11:32:00 PM: OtherThread-75 >> ...replacing 33345_01_01_2014_31_12_2015_1_0_0_ua_utf8_00000000.xls
08/22/2022 11:32:00 PM: OtherThread-76 >> ...replacing __2633_ot_16_dekabrja_2021_g_.xls
08/22/2022 11:32:00 PM: OtherThread-77 >> ...replacing credentials.json
08/22/2022 11:32:00 PM: OtherThread-78 >> ...replacing RBRTEd.xls
08/22/2022 11:32:00 PM: OtherThread-79 >> ...replacing __2633_ot_16_dekabrja_2021_g__1639651592.xls
08/22/2022 11:32:00 PM: OtherThread-80 >> ...replacing weather_kyiv.xls
08/22/2022 11:32:00 PM: OtherThread-81 >> ...replacing weather_kyiv.xls
08/22/2022 11:32:00 PM: OtherThread-82 >> ...replacing weather.xls
08/22/2022 11:32:00 PM: OtherThread-83 >> ...replacing credentials_2.json
08/22/2022 11:32:00 PM: OtherThread-84 >> ...replacing search_results_2.xls
08/22/2022 11:32:00 PM: OtherThread-85 >> ...replacing search_results_3.xls
08/22/2022 11:32:00 PM: OtherThread-86 >> ...replacing search_results_4.xls
08/22/2022 11:32:00 PM: OtherThread-87 >> ...replacing search_results.xls
08/22/2022 11:32:00 PM: OtherThread-88 >> ...replacing 33345_01_01_2014_31_12_2015_1_0_0_ua_utf8_00000000.xls
08/22/2022 11:32:00 PM: OtherThread-89 >> ...replacing __2633_ot_16_dekabrja_2021_g_.xls
08/22/2022 11:32:00 PM: OtherThread-90 >> ...replacing credentials.json
08/22/2022 11:32:00 PM: OtherThread-91 >> ...replacing RBRTEd.xls
08/22/2022 11:32:00 PM: OtherThread-92 >> ...replacing __2633_ot_16_dekabrja_2021_g__1639651592.xls
08/22/2022 11:32:00 PM: OtherThread-93 >> ...replacing weather_kyiv.xls
08/22/2022 11:32:00 PM: ArchivesThread-0 >> ...replacing Archive.zip
08/22/2022 11:32:00 PM: ArchivesThread-1 >> ...replacing Archive.zip
08/22/2022 11:32:00 PM: ArchivesThread-2 >> ...replacing Archive.zip
08/22/2022 11:32:00 PM: ArchivesThread-3 >> ...replacing Archive.zip
08/22/2022 11:32:00 PM: ArchivesThread-4 >> ...replacing Archive.zip
08/22/2022 11:32:00 PM: ArchivesThread-5 >> ...replacing Archive.zip
08/22/2022 11:32:00 PM: FolderThread-0 >> ...deleting __MACOSX
08/22/2022 11:32:00 PM: FolderThread-1 >> ...deleting Archive
08/22/2022 11:32:00 PM: FolderThread-2 >> ...deleting 1
08/22/2022 11:32:00 PM: FolderThread-3 >> ...deleting 4
08/22/2022 11:32:00 PM: FolderThread-4 >> ...deleting 3
08/22/2022 11:32:00 PM: FolderThread-5 >> ...deleting 2
08/22/2022 11:32:00 PM: FolderThread-6 >> ...deleting 5
08/22/2022 11:32:00 PM: MainThread >> Folder was scanned for 0:00:00.504183 sec
08/22/2022 11:39:44 PM: MainThread >> Work with "dir" folder...
08/22/2022 11:39:44 PM: ImagesThread-0 >> ...replacing photo_1532603255286_cbff320e586e.jpeg
08/22/2022 11:39:44 PM: ImagesThread-1 >> ...replacing photo_1637263972873_d358c3eb4543.jpeg
08/22/2022 11:39:44 PM: ImagesThread-2 >> ...replacing photo_1532603255286_cbff320e586e.jpeg
08/22/2022 11:39:44 PM: ImagesThread-3 >> ...replacing trendy-platev-44.jpg
08/22/2022 11:39:44 PM: ImagesThread-4 >> ...replacing trendy-platev-50.jpg
08/22/2022 11:39:44 PM: ImagesThread-5 >> ...replacing trendy-platev-52.jpg
08/22/2022 11:39:44 PM: ImagesThread-6 >> ...replacing photo-1618681850501-6e1aae4f916f.jpeg
08/22/2022 11:39:44 PM: ImagesThread-7 >> ...replacing zakup_04_12_2019_02.jpg
08/22/2022 11:39:44 PM: ImagesThread-8 >> ...replacing photo-1637263972873-d358c3eb4543.jpeg
08/22/2022 11:39:44 PM: ImagesThread-9 >> ...replacing ._photo-1532603255286-cbff320e586e.jpeg
08/22/2022 11:39:44 PM: ImagesThread-10 >> ...replacing ._trendy-platev-52.jpg
08/22/2022 11:39:44 PM: ImagesThread-12 >> ...replacing ._trendy-platev-44.jpg
08/22/2022 11:39:44 PM: ImagesThread-11 >> ...replacing ._zakup_04_12_2019_02.jpg
08/22/2022 11:39:44 PM: ImagesThread-13 >> ...replacing ._trendy-platev-50.jpg
08/22/2022 11:39:44 PM: ImagesThread-14 >> ...replacing ._photo-1637263972873-d358c3eb4543.jpeg
08/22/2022 11:39:44 PM: ImagesThread-15 >> ...replacing ._photo-1618681850501-6e1aae4f916f.jpeg
08/22/2022 11:39:44 PM: ImagesThread-16 >> ...replacing photo-1532603255286-cbff320e586e.jpeg
08/22/2022 11:39:44 PM: ImagesThread-17 >> ...replacing photo_1637263972873_d358c3eb4543.jpeg
08/22/2022 11:39:44 PM: ImagesThread-18 >> ...replacing zakup_04_12_2019_02.jpg
08/22/2022 11:39:44 PM: ImagesThread-19 >> ...replacing photo_1618681850501_6e1aae4f916f.jpeg
08/22/2022 11:39:44 PM: ImagesThread-20 >> ...replacing trendy_platev_44.jpg
08/22/2022 11:39:44 PM: ImagesThread-21 >> ...replacing trendy_platev_50.jpg
08/22/2022 11:39:44 PM: ImagesThread-24 >> ...replacing photo_1618681850501_6e1aae4f916f.jpeg
08/22/2022 11:39:44 PM: ImagesThread-22 >> ...replacing trendy_platev_52.jpg
08/22/2022 11:39:44 PM: ImagesThread-23 >> ...replacing zakup_04_12_2019_02.jpg
08/22/2022 11:39:44 PM: ImagesThread-25 >> ...replacing trendy_platev_44.jpg
08/22/2022 11:39:44 PM: ImagesThread-26 >> ...replacing trendy_platev_50.jpg
08/22/2022 11:39:44 PM: ImagesThread-27 >> ...replacing trendy_platev_52.jpg
08/22/2022 11:39:44 PM: ImagesThread-28 >> ...replacing photo_1532603255286_cbff320e586e.jpeg
08/22/2022 11:39:44 PM: ImagesThread-29 >> ...replacing photo_1637263972873_d358c3eb4543.jpeg
08/22/2022 11:39:44 PM: ImagesThread-30 >> ...replacing zakup_04_12_2019_02.jpg
08/22/2022 11:39:44 PM: ImagesThread-31 >> ...replacing photo_1618681850501_6e1aae4f916f.jpeg
08/22/2022 11:39:44 PM: ImagesThread-32 >> ...replacing trendy_platev_44.jpg
08/22/2022 11:39:44 PM: ImagesThread-33 >> ...replacing trendy_platev_50.jpg
08/22/2022 11:39:44 PM: ImagesThread-34 >> ...replacing trendy_platev_52.jpg
08/22/2022 11:39:44 PM: ImagesThread-36 >> ...replacing photo_1637263972873_d358c3eb4543.jpeg
08/22/2022 11:39:44 PM: ImagesThread-35 >> ...replacing photo_1532603255286_cbff320e586e.jpeg
08/22/2022 11:39:44 PM: ImagesThread-37 >> ...replacing zakup_04_12_2019_02.jpg
08/22/2022 11:39:44 PM: ImagesThread-38 >> ...replacing photo_1618681850501_6e1aae4f916f.jpeg
08/22/2022 11:39:44 PM: ImagesThread-40 >> ...replacing trendy_platev_50.jpg
08/22/2022 11:39:44 PM: ImagesThread-42 >> ...replacing photo_1532603255286_cbff320e586e.jpeg
08/22/2022 11:39:44 PM: ImagesThread-39 >> ...replacing trendy_platev_44.jpg
08/22/2022 11:39:44 PM: ImagesThread-41 >> ...replacing trendy_platev_52.jpg
08/22/2022 11:39:44 PM: ImagesThread-43 >> ...replacing photo_1637263972873_d358c3eb4543.jpeg
08/22/2022 11:39:44 PM: ImagesThread-44 >> ...replacing zakup_04_12_2019_02.jpg
08/22/2022 11:39:44 PM: ImagesThread-45 >> ...replacing photo_1618681850501_6e1aae4f916f.jpeg
08/22/2022 11:39:44 PM: ImagesThread-46 >> ...replacing trendy_platev_44.jpg
08/22/2022 11:39:44 PM: ImagesThread-47 >> ...replacing trendy_platev_50.jpg
08/22/2022 11:39:44 PM: ImagesThread-48 >> ...replacing trendy_platev_52.jpg
08/22/2022 11:39:44 PM: ImagesThread-49 >> ...replacing photo_1532603255286_cbff320e586e.jpeg
08/22/2022 11:39:44 PM: ImagesThread-50 >> ...replacing photo_1637263972873_d358c3eb4543.jpeg
08/22/2022 11:39:44 PM: ImagesThread-51 >> ...replacing zakup_04_12_2019_02.jpg
08/22/2022 11:39:44 PM: ImagesThread-52 >> ...replacing photo_1618681850501_6e1aae4f916f.jpeg
08/22/2022 11:39:44 PM: ImagesThread-53 >> ...replacing trendy_platev_44.jpg
08/22/2022 11:39:44 PM: ImagesThread-55 >> ...replacing trendy_platev_52.jpg
08/22/2022 11:39:44 PM: ImagesThread-54 >> ...replacing trendy_platev_50.jpg
08/22/2022 11:39:44 PM: VideoThread-1 >> ...replacing ._Test task1_video.mp4
08/22/2022 11:39:44 PM: VideoThread-2 >> ...replacing ._video_2022-02-28_13-53-26.mp4
08/22/2022 11:39:44 PM: VideoThread-0 >> ...replacing Test task1_video.mp4
08/22/2022 11:39:44 PM: VideoThread-3 >> ...replacing video_2022-02-28_13-53-26.mp4
08/22/2022 11:39:44 PM: VideoThread-4 >> ...replacing video_2022_02_28_13_53_26.mp4
08/22/2022 11:39:44 PM: VideoThread-5 >> ...replacing Test_task1_video.mp4
08/22/2022 11:39:44 PM: VideoThread-6 >> ...replacing video_2022_02_28_13_53_26.mp4
08/22/2022 11:39:44 PM: VideoThread-7 >> ...replacing Test_task1_video.mp4
08/22/2022 11:39:44 PM: VideoThread-8 >> ...replacing video_2022_02_28_13_53_26.mp4
08/22/2022 11:39:44 PM: VideoThread-9 >> ...replacing Test_task1_video.mp4
08/22/2022 11:39:44 PM: VideoThread-10 >> ...replacing video_2022_02_28_13_53_26.mp4
08/22/2022 11:39:44 PM: VideoThread-11 >> ...replacing Test_task1_video.mp4
08/22/2022 11:39:44 PM: VideoThread-12 >> ...replacing video_2022_02_28_13_53_26.mp4
08/22/2022 11:39:44 PM: VideoThread-13 >> ...replacing Test_task1_video.mp4
08/22/2022 11:39:44 PM: VideoThread-14 >> ...replacing video_2022_02_28_13_53_26.mp4
08/22/2022 11:39:44 PM: VideoThread-15 >> ...replacing Test_task1_video.mp4
08/22/2022 11:39:44 PM: DocThread-0 >> ...replacing 36and6_detective_text_small.pdf
08/22/2022 11:39:44 PM: DocThread-1 >> ...replacing Vitrati_2021.xlsx
08/22/2022 11:39:44 PM: DocThread-2 >> ...replacing 36and6_detective_text_small.pdf
08/22/2022 11:39:44 PM: DocThread-3 >> ...replacing 36and6_detective_text_small.pdf
08/22/2022 11:39:44 PM: DocThread-4 >> ...replacing 2021-07-17_nataliya_pysanka.pdf
08/22/2022 11:39:44 PM: DocThread-5 >> ...replacing ╨Æ╨╕╤é╤Ç╨░╤é╨╕ 2021.xlsx
08/22/2022 11:39:44 PM: DocThread-6 >> ...replacing ._╨Æ╨╕╤é╤Ç╨░╤é╨╕ 2021.xlsx
08/22/2022 11:39:44 PM: DocThread-8 >> ...replacing ._2021-07-17_nataliya_pysanka.pdf
08/22/2022 11:39:44 PM: DocThread-7 >> ...replacing ._36and6_detective_text_small.pdf
08/22/2022 11:39:44 PM: DocThread-9 >> ...replacing Vitrati_2021.xlsx
08/22/2022 11:39:44 PM: DocThread-10 >> ...replacing 2021_07_17_nataliya_pysanka.pdf
08/22/2022 11:39:44 PM: DocThread-11 >> ...replacing 2021_07_17_nataliya_pysanka.pdf
08/22/2022 11:39:44 PM: DocThread-12 >> ...replacing 36and6_detective_text_small.pdf
08/22/2022 11:39:44 PM: DocThread-14 >> ...replacing 2021_07_17_nataliya_pysanka.pdf
08/22/2022 11:39:44 PM: DocThread-13 >> ...replacing Vitrati_2021.xlsx
08/22/2022 11:39:44 PM: DocThread-15 >> ...replacing 36and6_detective_text_small.pdf
08/22/2022 11:39:44 PM: DocThread-16 >> ...replacing Vitrati_2021.xlsx
08/22/2022 11:39:44 PM: DocThread-21 >> ...replacing 36and6_detective_text_small.pdf
08/22/2022 11:39:44 PM: DocThread-18 >> ...replacing 36and6_detective_text_small.pdf
08/22/2022 11:39:44 PM: DocThread-19 >> ...replacing Vitrati_2021.xlsx
08/22/2022 11:39:44 PM: DocThread-20 >> ...replacing 2021_07_17_nataliya_pysanka.pdf
08/22/2022 11:39:44 PM: DocThread-17 >> ...replacing 2021_07_17_nataliya_pysanka.pdf
08/22/2022 11:39:44 PM: DocThread-22 >> ...replacing Vitrati_2021.xlsx
08/22/2022 11:39:44 PM: DocThread-23 >> ...replacing 2021_07_17_nataliya_pysanka.pdf
08/22/2022 11:39:44 PM: OtherThread-0 >> ...replacing weather.xls
08/22/2022 11:39:44 PM: OtherThread-1 >> ...replacing credentials_2.json
08/22/2022 11:39:44 PM: OtherThread-2 >> ...replacing search_results_2.xls
08/22/2022 11:39:44 PM: OtherThread-3 >> ...replacing search_results_3.xls
08/22/2022 11:39:44 PM: OtherThread-4 >> ...replacing search_results_4.xls
08/22/2022 11:39:44 PM: OtherThread-5 >> ...replacing search_results.xls
08/22/2022 11:39:44 PM: OtherThread-6 >> ...replacing 33345_01_01_2014_31_12_2015_1_0_0_ua_utf8_00000000.xls
08/22/2022 11:39:44 PM: OtherThread-7 >> ...replacing weather.xls
08/22/2022 11:39:44 PM: OtherThread-8 >> ...replacing weather.xls
08/22/2022 11:39:44 PM: OtherThread-9 >> ...replacing search_results-3.xls
08/22/2022 11:39:44 PM: OtherThread-10 >> ...replacing search_results-2.xls
08/22/2022 11:39:45 PM: OtherThread-11 >> ...replacing Γäû 2633 ╨╛╤é 16 ╨┤╨╡╨║╨░╨▒╤Ç╤Å 2021 ╨│._1639651592.xls
08/22/2022 11:39:45 PM: OtherThread-12 >> ...replacing search_results-4.xls
08/22/2022 11:39:45 PM: OtherThread-13 >> ...replacing search_results.xls
08/22/2022 11:39:45 PM: OtherThread-14 >> ...replacing 33345.01.01.2014.31.12.2015.1.0.0.ua.utf8.00000000.xls
08/22/2022 11:39:45 PM: OtherThread-15 >> ...replacing ._weather_kyiv.xls
08/22/2022 11:39:45 PM: OtherThread-16 >> ...replacing ._33345.01.01.2014.31.12.2015.1.0.0.ua.utf8.00000000.xls
08/22/2022 11:39:45 PM: OtherThread-17 >> ...replacing ._credentials-2.json
08/22/2022 11:39:45 PM: OtherThread-18 >> ...replacing ._search_results-4.xls
08/22/2022 11:39:45 PM: OtherThread-19 >> ...replacing ._Γäû 2633 ╨╛╤é 16 ╨┤╨╡╨║╨░╨▒╤Ç╤Å 2021 ╨│._1639651592.xls
08/22/2022 11:39:45 PM: OtherThread-20 >> ...replacing ._credentials.json
08/22/2022 11:39:45 PM: OtherThread-21 >> ...replacing ._search_results-2.xls
08/22/2022 11:39:45 PM: OtherThread-22 >> ...replacing ._search_results-3.xls
08/22/2022 11:39:45 PM: OtherThread-24 >> ...replacing ._weather.xls
08/22/2022 11:39:45 PM: OtherThread-23 >> ...replacing ._search_results.xls
08/22/2022 11:39:45 PM: OtherThread-25 >> ...replacing ._RBRTEd.xls
08/22/2022 11:39:45 PM: OtherThread-26 >> ...replacing credentials-2.json
08/22/2022 11:39:45 PM: OtherThread-27 >> ...replacing credentials.json
08/22/2022 11:39:45 PM: OtherThread-28 >> ...replacing RBRTEd.xls
08/22/2022 11:39:45 PM: OtherThread-29 >> ...replacing weather_kyiv.xls
08/22/2022 11:39:45 PM: OtherThread-30 >> ...replacing credentials_2.json
08/22/2022 11:39:45 PM: OtherThread-31 >> ...replacing search_results_2.xls
08/22/2022 11:39:45 PM: OtherThread-32 >> ...replacing search_results_3.xls
08/22/2022 11:39:45 PM: OtherThread-33 >> ...replacing search_results_4.xls
08/22/2022 11:39:45 PM: OtherThread-34 >> ...replacing search_results.xls
08/22/2022 11:39:45 PM: OtherThread-35 >> ...replacing 33345_01_01_2014_31_12_2015_1_0_0_ua_utf8_00000000.xls
08/22/2022 11:39:45 PM: OtherThread-36 >> ...replacing __2633_ot_16_dekabrja_2021_g_.xls
08/22/2022 11:39:45 PM: OtherThread-37 >> ...replacing credentials.json
08/22/2022 11:39:45 PM: OtherThread-38 >> ...replacing RBRTEd.xls
08/22/2022 11:39:45 PM: OtherThread-39 >> ...replacing __2633_ot_16_dekabrja_2021_g__1639651592.xls
08/22/2022 11:39:45 PM: OtherThread-40 >> ...replacing weather_kyiv.xls
08/22/2022 11:39:45 PM: OtherThread-41 >> ...replacing __2633_ot_16_dekabrja_2021_g_.xls
08/22/2022 11:39:45 PM: OtherThread-42 >> ...replacing credentials.json
08/22/2022 11:39:45 PM: OtherThread-43 >> ...replacing RBRTEd.xls
08/22/2022 11:39:45 PM: OtherThread-44 >> ...replacing __2633_ot_16_dekabrja_2021_g__1639651592.xls
08/22/2022 11:39:45 PM: OtherThread-46 >> ...replacing credentials_2.json
08/22/2022 11:39:45 PM: OtherThread-45 >> ...replacing weather.xls
08/22/2022 11:39:45 PM: OtherThread-47 >> ...replacing search_results_2.xls
08/22/2022 11:39:45 PM: OtherThread-48 >> ...replacing search_results_3.xls
08/22/2022 11:39:45 PM: OtherThread-49 >> ...replacing search_results_4.xls
08/22/2022 11:39:45 PM: OtherThread-50 >> ...replacing search_results.xls
08/22/2022 11:39:45 PM: OtherThread-51 >> ...replacing 33345_01_01_2014_31_12_2015_1_0_0_ua_utf8_00000000.xls
08/22/2022 11:39:45 PM: OtherThread-52 >> ...replacing __2633_ot_16_dekabrja_2021_g_.xls
08/22/2022 11:39:45 PM: OtherThread-53 >> ...replacing credentials.json
08/22/2022 11:39:45 PM: OtherThread-54 >> ...replacing RBRTEd.xls
08/22/2022 11:39:45 PM: OtherThread-55 >> ...replacing __2633_ot_16_dekabrja_2021_g__1639651592.xls
08/22/2022 11:39:45 PM: OtherThread-56 >> ...replacing weather_kyiv.xls
08/22/2022 11:39:45 PM: OtherThread-57 >> ...replacing weather.xls
08/22/2022 11:39:45 PM: OtherThread-58 >> ...replacing credentials_2.json
08/22/2022 11:39:45 PM: OtherThread-59 >> ...replacing search_results_2.xls
08/22/2022 11:39:45 PM: OtherThread-60 >> ...replacing search_results_3.xls
08/22/2022 11:39:45 PM: OtherThread-61 >> ...replacing search_results_4.xls
08/22/2022 11:39:45 PM: OtherThread-62 >> ...replacing search_results.xls
08/22/2022 11:39:45 PM: OtherThread-63 >> ...replacing 33345_01_01_2014_31_12_2015_1_0_0_ua_utf8_00000000.xls
08/22/2022 11:39:45 PM: OtherThread-64 >> ...replacing __2633_ot_16_dekabrja_2021_g_.xls
08/22/2022 11:39:45 PM: OtherThread-65 >> ...replacing credentials.json
08/22/2022 11:39:45 PM: OtherThread-66 >> ...replacing RBRTEd.xls
08/22/2022 11:39:45 PM: OtherThread-67 >> ...replacing __2633_ot_16_dekabrja_2021_g__1639651592.xls
08/22/2022 11:39:45 PM: OtherThread-68 >> ...replacing weather_kyiv.xls
08/22/2022 11:39:45 PM: OtherThread-69 >> ...replacing weather.xls
08/22/2022 11:39:45 PM: OtherThread-70 >> ...replacing credentials_2.json
08/22/2022 11:39:45 PM: OtherThread-71 >> ...replacing search_results_2.xls
08/22/2022 11:39:45 PM: OtherThread-72 >> ...replacing search_results_3.xls
08/22/2022 11:39:45 PM: OtherThread-73 >> ...replacing search_results_4.xls
08/22/2022 11:39:45 PM: OtherThread-74 >> ...replacing search_results.xls
08/22/2022 11:39:45 PM: OtherThread-75 >> ...replacing 33345_01_01_2014_31_12_2015_1_0_0_ua_utf8_00000000.xls
08/22/2022 11:39:45 PM: OtherThread-76 >> ...replacing __2633_ot_16_dekabrja_2021_g_.xls
08/22/2022 11:39:45 PM: OtherThread-77 >> ...replacing credentials.json
08/22/2022 11:39:45 PM: OtherThread-78 >> ...replacing RBRTEd.xls
08/22/2022 11:39:45 PM: OtherThread-79 >> ...replacing __2633_ot_16_dekabrja_2021_g__1639651592.xls
08/22/2022 11:39:45 PM: OtherThread-80 >> ...replacing weather_kyiv.xls
08/22/2022 11:39:45 PM: OtherThread-81 >> ...replacing weather_kyiv.xls
08/22/2022 11:39:45 PM: OtherThread-82 >> ...replacing weather.xls
08/22/2022 11:39:45 PM: OtherThread-83 >> ...replacing credentials_2.json
08/22/2022 11:39:45 PM: OtherThread-84 >> ...replacing search_results_2.xls
08/22/2022 11:39:45 PM: OtherThread-85 >> ...replacing search_results_3.xls
08/22/2022 11:39:45 PM: OtherThread-87 >> ...replacing search_results.xls
08/22/2022 11:39:45 PM: OtherThread-86 >> ...replacing search_results_4.xls
08/22/2022 11:39:45 PM: OtherThread-88 >> ...replacing 33345_01_01_2014_31_12_2015_1_0_0_ua_utf8_00000000.xls
08/22/2022 11:39:45 PM: OtherThread-90 >> ...replacing credentials.json
08/22/2022 11:39:45 PM: OtherThread-89 >> ...replacing __2633_ot_16_dekabrja_2021_g_.xls
08/22/2022 11:39:45 PM: OtherThread-91 >> ...replacing RBRTEd.xls
08/22/2022 11:39:45 PM: OtherThread-92 >> ...replacing __2633_ot_16_dekabrja_2021_g__1639651592.xls
08/22/2022 11:39:45 PM: OtherThread-93 >> ...replacing weather_kyiv.xls
08/22/2022 11:39:45 PM: ArchivesThread-0 >> ...replacing Archive.zip
08/22/2022 11:39:45 PM: ArchivesThread-1 >> ...replacing Archive.zip
08/22/2022 11:39:45 PM: ArchivesThread-2 >> ...replacing Archive.zip
08/22/2022 11:39:45 PM: ArchivesThread-3 >> ...replacing Archive.zip
08/22/2022 11:39:45 PM: ArchivesThread-4 >> ...replacing Archive.zip
08/22/2022 11:39:45 PM: ArchivesThread-5 >> ...replacing Archive.zip
08/22/2022 11:39:45 PM: FolderThread-0 >> ...deleting __MACOSX
08/22/2022 11:39:45 PM: FolderThread-1 >> ...deleting Archive
08/22/2022 11:39:45 PM: FolderThread-2 >> ...deleting 1
08/22/2022 11:39:45 PM: FolderThread-3 >> ...deleting 4
08/22/2022 11:39:45 PM: FolderThread-4 >> ...deleting 3
08/22/2022 11:39:45 PM: FolderThread-5 >> ...deleting 2
08/22/2022 11:39:45 PM: FolderThread-6 >> ...deleting 5
08/22/2022 11:39:45 PM: MainThread >> Folder was scanned for 0:00:00.463772 sec
